<?xml version="1.0" encoding="UTF-8"?><testsuite errors="1" failures="0" name="Academy Choucair" skipped="0" tests="1" time="5.29" timestamp="2021-10-29 10:22:32"><testcase name="search for automation course"><error message="Could not instantiate class org.openqa.selenium.chrome.ChromeDriver" type="net.thucydides.core.webdriver.DriverConfigurationError">Could not instantiate class org.openqa.selenium.chrome.ChromeDriver</error><system-err>Could not instantiate class org.openqa.selenium.chrome.ChromeDriver&#13;
co.com.choucair.certification.proyectobase.tasks.OpenUp.performAs(OpenUp.java:18)&#13;
co.com.choucair.certification.proyectobase.stepdefinitions.ChoucairAcademyStepDefinitions.thanBrandonWantsToLearnAutomationAtTheAcademyChoucair(ChoucairAcademyStepDefinitions.java:22)&#13;
cucumber.runner.Runner.runPickle(Runner.java:80)&#13;
</system-err></testcase></testsuite>